<?xml version="1.0" encoding="UTF-8"?>
<!-- Generated by org.testng.reporters.JUnitReportReporter -->
<testsuite hostname="DESKTOP-GI828GQ" name="demos.Demo01_TestNGClass" tests="1" failures="0" timestamp="10 Nov 2020 19:08:19 GMT" time="0.004" errors="0">
  <testcase name="test" time="0.004" classname="demos.Demo01_TestNGClass"/>
</testsuite> <!-- demos.Demo01_TestNGClass -->
