<?xml version="1.0" encoding="UTF-8"?>
<!-- Generated by org.testng.reporters.JUnitReportReporter -->
<testsuite hostname="DESKTOP-GI828GQ" name="demos.Demo02_DataProvider" tests="3" failures="0" timestamp="10 Nov 2020 19:43:13 GMT" time="0.008" errors="0">
  <testcase name="f" time="0.001" classname="demos.Demo02_DataProvider"/>
  <testcase name="f" time="0.007" classname="demos.Demo02_DataProvider"/>
  <testcase name="f" time="0.000" classname="demos.Demo02_DataProvider"/>
</testsuite> <!-- demos.Demo02_DataProvider -->
