<?xml version="1.0" encoding="UTF-8"?>
<!-- Generated by org.testng.reporters.JUnitReportReporter -->
<testsuite hostname="DESKTOP-GI828GQ" name="ignore.IgnoreTest" tests="1" failures="0" timestamp="10 Nov 2020 17:18:49 GMT" time="0.009" errors="0">
  <testcase name="testSalutationMessage" time="0.009" classname="ignore.IgnoreTest"/>
</testsuite> <!-- ignore.IgnoreTest -->
