<?xml version="1.0" encoding="UTF-8"?>
<!-- Generated by org.testng.reporters.JUnitReportReporter -->
<testsuite hostname="DESKTOP-GI828GQ" name="dependency.Dependent" tests="3" failures="0" timestamp="9 Nov 2020 18:39:39 GMT" time="0.009" errors="0">
  <testcase name="LogOut" time="0.001" classname="dependency.Dependent"/>
  <testcase name="OpenBrowser" time="0.007" classname="dependency.Dependent"/>
  <testcase name="SignIn" time="0.001" classname="dependency.Dependent"/>
</testsuite> <!-- dependency.Dependent -->
