<?xml version="1.0" encoding="UTF-8"?>
<!-- Generated by org.testng.reporters.JUnitReportReporter -->
<testsuite hostname="DESKTOP-GI828GQ" name="simple.TestNgSimpleTest" tests="1" failures="0" timestamp="9 Nov 2020 18:32:55 GMT" time="0.008" errors="0">
  <testcase name="f" time="0.008" classname="simple.TestNgSimpleTest"/>
</testsuite> <!-- simple.TestNgSimpleTest -->
