<?xml version="1.0" encoding="UTF-8"?>
<!-- Generated by org.testng.reporters.JUnitReportReporter -->
<testsuite hostname="DESKTOP-GI828GQ" name="parameterize.ParamTestDataProvider" tests="5" failures="0" timestamp="10 Nov 2020 17:35:03 GMT" time="0.011" errors="0">
  <testcase name="testPrimeNumberChecker" time="0.001" classname="parameterize.ParamTestDataProvider"/>
  <testcase name="testPrimeNumberChecker" time="0.001" classname="parameterize.ParamTestDataProvider"/>
  <testcase name="testPrimeNumberChecker" time="0.003" classname="parameterize.ParamTestDataProvider"/>
  <testcase name="testPrimeNumberChecker" time="0.001" classname="parameterize.ParamTestDataProvider"/>
  <testcase name="testPrimeNumberChecker" time="0.005" classname="parameterize.ParamTestDataProvider"/>
</testsuite> <!-- parameterize.ParamTestDataProvider -->
