<?xml version="1.0" encoding="UTF-8"?>
<!-- Generated by org.testng.reporters.JUnitReportReporter -->
<testsuite hostname="DESKTOP-GI828GQ" name="priority.NewTest" tests="5" failures="0" timestamp="10 Nov 2020 17:23:29 GMT" time="0.014" errors="0">
  <testcase name="d_method" time="0.001" classname="priority.NewTest"/>
  <testcase name="e_method" time="0.010" classname="priority.NewTest"/>
  <testcase name="c_method" time="0.001" classname="priority.NewTest"/>
  <testcase name="b_method" time="0.000" classname="priority.NewTest"/>
  <testcase name="a_method" time="0.002" classname="priority.NewTest"/>
</testsuite> <!-- priority.NewTest -->
