<?xml version="1.0" encoding="UTF-8"?>
<!-- Generated by org.testng.reporters.JUnitReportReporter -->
<testsuite hostname="DESKTOP-GI828GQ" name="exceptionhandling.ExpectedException" tests="2" failures="0" timestamp="10 Nov 2020 16:56:28 GMT" time="0.010" errors="0">
  <testcase name="testPrintMessage" time="0.008" classname="exceptionhandling.ExpectedException"/>
  <testcase name="testSalutationMessage" time="0.002" classname="exceptionhandling.ExpectedException"/>
</testsuite> <!-- exceptionhandling.ExpectedException -->
